[2023-08-24T08:05:40.940909+00:00] main.ERROR: Unable to apply data patch Magento\Theme\Setup\Patch\Data\RegisterThemes for module Magento_Theme. Original exception message: Wrong file
#0 C:\xampp\htdocs\mage2rock\setup\src\Magento\Setup\Model\Installer.php(1097): Magento\Framework\Setup\Patch\PatchApplier->applyDataPatch('Magento_Theme')
#1 C:\xampp\htdocs\mage2rock\setup\src\Magento\Setup\Model\Installer.php(963): Magento\Setup\Model\Installer->handleDBSchemaData(Object(Magento\Setup\Module\DataSetup), 'data', Array)
#2 [internal function]: Magento\Setup\Model\Installer->installDataFixtures(Array)
#3 C:\xampp\htdocs\mage2rock\setup\src\Magento\Setup\Model\Installer.php(388): call_user_func_array(Array, Array)
#4 C:\xampp\htdocs\mage2rock\setup\src\Magento\Setup\Console\Command\InstallCommand.php(238): Magento\Setup\Model\Installer->install(Array)
#5 C:\xampp\htdocs\mage2rock\vendor\symfony\console\Command\Command.php(298): Magento\Setup\Console\Command\InstallCommand->execute(Object(Symfony\Component\Console\Input\ArgvInput), Object(Symfony\Component\Console\Output\ConsoleOutput))
#6 C:\xampp\htdocs\mage2rock\vendor\symfony\console\Application.php(1040): Symfony\Component\Console\Command\Command->run(Object(Symfony\Component\Console\Input\ArgvInput), Object(Symfony\Component\Console\Output\ConsoleOutput))
#7 C:\xampp\htdocs\mage2rock\vendor\symfony\console\Application.php(301): Symfony\Component\Console\Application->doRunCommand(Object(Magento\Setup\Console\Command\InstallCommand), Object(Symfony\Component\Console\Input\ArgvInput), Object(Symfony\Component\Console\Output\ConsoleOutput))
#8 C:\xampp\htdocs\mage2rock\vendor\magento\framework\Console\Cli.php(116): Symfony\Component\Console\Application->doRun(Object(Symfony\Component\Console\Input\ArgvInput), Object(Symfony\Component\Console\Output\ConsoleOutput))
#9 C:\xampp\htdocs\mage2rock\vendor\symfony\console\Application.php(171): Magento\Framework\Console\Cli->doRun(Object(Symfony\Component\Console\Input\ArgvInput), Object(Symfony\Component\Console\Output\ConsoleOutput))
#10 C:\xampp\htdocs\mage2rock\bin\magento(23): Symfony\Component\Console\Application->run()
#11 {main} [] []
[2023-08-24T08:24:45.890059+00:00] main.CRITICAL: Invalid template file: 'C:/xampp/htdocs/mage2rock/vendor/magento/module-backend/view/adminhtml/templates/page/js/require_js.phtml' in module: 'Magento_Backend' block's name: 'require.js' [] []
[2023-08-24T08:24:45.908418+00:00] main.CRITICAL: Invalid template file: 'C:/xampp/htdocs/mage2rock/vendor/magento/module-backend/view/adminhtml/templates/page/container.phtml' in module: '' block's name: 'head.additional' [] []
[2023-08-24T08:24:45.916270+00:00] main.CRITICAL: Invalid template file: 'C:/xampp/htdocs/mage2rock/vendor/magento/module-translation/view/base/templates/translate.phtml' in module: 'Magento_Translation' block's name: 'translate' [] []
[2023-08-24T08:24:45.917313+00:00] main.CRITICAL: Invalid template file: 'C:/xampp/htdocs/mage2rock/vendor/magento/module-backend/view/adminhtml/templates/page/js/components.phtml' in module: '' block's name: 'head.components' [] []
[2023-08-24T08:24:45.935021+00:00] main.CRITICAL: Invalid template file: 'C:/xampp/htdocs/mage2rock/vendor/magento/module-backend/view/adminhtml/templates/page/js/calendar.phtml' in module: '' block's name: 'head.calendar' [] []
[2023-08-24T08:24:45.937167+00:00] main.CRITICAL: Invalid template file: 'C:/xampp/htdocs/mage2rock/vendor/magento/module-cookie/view/base/templates/html/cookie.phtml' in module: '' block's name: 'cookie_config' [] []
[2023-08-24T08:24:45.938611+00:00] main.CRITICAL: Invalid template file: 'C:/xampp/htdocs/mage2rock/vendor/magento/module-ui/view/base/templates/logger.phtml' in module: 'Magento_Ui' block's name: 'logger' [] []
[2023-08-24T08:24:45.939520+00:00] main.CRITICAL: Invalid template file: 'C:/xampp/htdocs/mage2rock/vendor/magento/module-ui/view/base/templates/wysiwyg/active_editor.phtml' in module: 'Magento_Ui' block's name: 'theme.active.editor' [] []
[2023-08-24T08:24:45.940324+00:00] main.CRITICAL: Invalid template file: 'C:/xampp/htdocs/mage2rock/vendor/magento/module-backend/view/adminhtml/templates/page/header.phtml' in module: 'Magento_Backend' block's name: 'logo' [] []
[2023-08-24T08:24:45.942066+00:00] main.CRITICAL: Invalid template file: 'C:/xampp/htdocs/mage2rock/vendor/magento/module-backend/view/adminhtml/templates/admin/login.phtml' in module: 'Magento_Backend' block's name: 'admin.login' [] []
[2023-08-24T08:24:45.942884+00:00] main.CRITICAL: Invalid template file: 'C:/xampp/htdocs/mage2rock/vendor/magento/module-backend/view/adminhtml/templates/page/copyright.phtml' in module: 'Magento_Backend' block's name: 'copyright' [] []
[2023-08-24T08:24:46.673387+00:00] main.ERROR: Requested path adminhtml/Magento/backend/en_US/extjs/resources/css/ext-all.css is wrong. [] []
[2023-08-24T08:24:46.674542+00:00] main.CRITICAL: Requested path adminhtml/Magento/backend/en_US/extjs/resources/css/ext-all.css is wrong. [] []
[2023-08-24T08:24:46.745297+00:00] main.ERROR: Requested path adminhtml/Magento/backend/en_US/jquery/jstree/themes/default/style.css is wrong. [] []
[2023-08-24T08:24:46.746592+00:00] main.CRITICAL: Requested path adminhtml/Magento/backend/en_US/jquery/jstree/themes/default/style.css is wrong. [] []
[2023-08-24T08:24:46.763288+00:00] main.ERROR: Requested path adminhtml/Magento/backend/en_US/css/styles.css is wrong. [] []
[2023-08-24T08:24:46.764345+00:00] main.CRITICAL: Requested path adminhtml/Magento/backend/en_US/css/styles.css is wrong. [] []
[2023-08-24T08:24:46.788324+00:00] main.ERROR: Requested path adminhtml/Magento/backend/en_US/requirejs/require.js is wrong. [] []
[2023-08-24T08:24:46.789575+00:00] main.CRITICAL: Requested path adminhtml/Magento/backend/en_US/requirejs/require.js is wrong. [] []
[2023-08-24T08:24:46.808824+00:00] main.ERROR: Requested path adminhtml/Magento/backend/en_US/extjs/resources/css/ytheme-magento.css is wrong. [] []
[2023-08-24T08:24:46.809998+00:00] main.CRITICAL: Requested path adminhtml/Magento/backend/en_US/extjs/resources/css/ytheme-magento.css is wrong. [] []
[2023-08-24T08:24:46.830419+00:00] main.ERROR: Requested path adminhtml/Magento/backend/en_US/Magento_ReCaptchaUser/css/recaptcha.css is wrong. [] []
[2023-08-24T08:24:46.831646+00:00] main.CRITICAL: Requested path adminhtml/Magento/backend/en_US/Magento_ReCaptchaUser/css/recaptcha.css is wrong. [] []
[2023-08-24T08:24:47.133538+00:00] main.ERROR: Requested path adminhtml/Magento/backend/en_US/mage/requirejs/mixins.js is wrong. [] []
[2023-08-24T08:24:47.134247+00:00] main.CRITICAL: Requested path adminhtml/Magento/backend/en_US/mage/requirejs/mixins.js is wrong. [] []
[2023-08-24T08:24:47.489035+00:00] main.ERROR: Requested path adminhtml/Magento/backend/en_US/Magento_Theme/favicon.ico is wrong. [] []
[2023-08-24T08:24:47.489761+00:00] main.CRITICAL: Requested path adminhtml/Magento/backend/en_US/Magento_Theme/favicon.ico is wrong. [] []
[2023-08-24T08:24:54.975741+00:00] main.CRITICAL: Invalid template file: 'C:/xampp/htdocs/mage2rock/vendor/magento/module-backend/view/adminhtml/templates/page/js/require_js.phtml' in module: 'Magento_Backend' block's name: 'require.js' [] []
[2023-08-24T08:24:54.978940+00:00] main.CRITICAL: Invalid template file: 'C:/xampp/htdocs/mage2rock/vendor/magento/module-backend/view/adminhtml/templates/page/container.phtml' in module: '' block's name: 'head.additional' [] []
[2023-08-24T08:24:54.980915+00:00] main.CRITICAL: Invalid template file: 'C:/xampp/htdocs/mage2rock/vendor/magento/module-translation/view/base/templates/translate.phtml' in module: 'Magento_Translation' block's name: 'translate' [] []
[2023-08-24T08:24:54.981617+00:00] main.CRITICAL: Invalid template file: 'C:/xampp/htdocs/mage2rock/vendor/magento/module-backend/view/adminhtml/templates/page/js/components.phtml' in module: '' block's name: 'head.components' [] []
[2023-08-24T08:24:54.982676+00:00] main.CRITICAL: Invalid template file: 'C:/xampp/htdocs/mage2rock/vendor/magento/module-backend/view/adminhtml/templates/page/js/calendar.phtml' in module: '' block's name: 'head.calendar' [] []
[2023-08-24T08:24:54.983872+00:00] main.CRITICAL: Invalid template file: 'C:/xampp/htdocs/mage2rock/vendor/magento/module-cookie/view/base/templates/html/cookie.phtml' in module: '' block's name: 'cookie_config' [] []
[2023-08-24T08:24:54.984993+00:00] main.CRITICAL: Invalid template file: 'C:/xampp/htdocs/mage2rock/vendor/magento/module-ui/view/base/templates/logger.phtml' in module: 'Magento_Ui' block's name: 'logger' [] []
[2023-08-24T08:24:54.985810+00:00] main.CRITICAL: Invalid template file: 'C:/xampp/htdocs/mage2rock/vendor/magento/module-ui/view/base/templates/wysiwyg/active_editor.phtml' in module: 'Magento_Ui' block's name: 'theme.active.editor' [] []
[2023-08-24T08:24:54.986599+00:00] main.CRITICAL: Invalid template file: 'C:/xampp/htdocs/mage2rock/vendor/magento/module-backend/view/adminhtml/templates/page/header.phtml' in module: 'Magento_Backend' block's name: 'logo' [] []
[2023-08-24T08:24:54.987577+00:00] main.CRITICAL: Invalid template file: 'C:/xampp/htdocs/mage2rock/vendor/magento/module-backend/view/adminhtml/templates/admin/login.phtml' in module: 'Magento_Backend' block's name: 'admin.login' [] []
[2023-08-24T08:24:54.988325+00:00] main.CRITICAL: Invalid template file: 'C:/xampp/htdocs/mage2rock/vendor/magento/module-backend/view/adminhtml/templates/page/copyright.phtml' in module: 'Magento_Backend' block's name: 'copyright' [] []
[2023-08-24T08:24:55.335399+00:00] main.ERROR: Requested path adminhtml/Magento/backend/en_US/Magento_ReCaptchaUser/css/recaptcha.css is wrong. [] []
[2023-08-24T08:24:55.335916+00:00] main.ERROR: Requested path adminhtml/Magento/backend/en_US/extjs/resources/css/ext-all.css is wrong. [] []
[2023-08-24T08:24:55.336211+00:00] main.CRITICAL: Requested path adminhtml/Magento/backend/en_US/Magento_ReCaptchaUser/css/recaptcha.css is wrong. [] []
[2023-08-24T08:24:55.336867+00:00] main.CRITICAL: Requested path adminhtml/Magento/backend/en_US/extjs/resources/css/ext-all.css is wrong. [] []
[2023-08-24T08:24:55.340469+00:00] main.ERROR: Requested path adminhtml/Magento/backend/en_US/extjs/resources/css/ytheme-magento.css is wrong. [] []
[2023-08-24T08:24:55.340642+00:00] main.ERROR: Requested path adminhtml/Magento/backend/en_US/requirejs/require.js is wrong. [] []
[2023-08-24T08:24:55.341215+00:00] main.CRITICAL: Requested path adminhtml/Magento/backend/en_US/extjs/resources/css/ytheme-magento.css is wrong. [] []
[2023-08-24T08:24:55.341357+00:00] main.CRITICAL: Requested path adminhtml/Magento/backend/en_US/requirejs/require.js is wrong. [] []
[2023-08-24T08:24:55.343033+00:00] main.ERROR: Requested path adminhtml/Magento/backend/en_US/jquery/jstree/themes/default/style.css is wrong. [] []
[2023-08-24T08:24:55.343666+00:00] main.CRITICAL: Requested path adminhtml/Magento/backend/en_US/jquery/jstree/themes/default/style.css is wrong. [] []
[2023-08-24T08:24:55.368592+00:00] main.ERROR: Requested path adminhtml/Magento/backend/en_US/css/styles.css is wrong. [] []
[2023-08-24T08:24:55.369302+00:00] main.CRITICAL: Requested path adminhtml/Magento/backend/en_US/css/styles.css is wrong. [] []
[2023-08-24T08:24:55.647411+00:00] main.ERROR: Requested path adminhtml/Magento/backend/en_US/mage/requirejs/mixins.js is wrong. [] []
[2023-08-24T08:24:55.648085+00:00] main.CRITICAL: Requested path adminhtml/Magento/backend/en_US/mage/requirejs/mixins.js is wrong. [] []
[2023-08-24T08:28:52.116716+00:00] main.WARNING: Memory size allocated for the temporary table is more than 20% of innodb_buffer_pool_size. Please update innodb_buffer_pool_size or decrease batch size value (which decreases memory usages for the temporary table). Current batch size: 5000; Allocated memory size: 4000000 bytes; InnoDB buffer pool size: 16777216 bytes. [] []
[2023-08-24T08:28:52.119384+00:00] main.WARNING: Memory size allocated for the temporary table is more than 20% of innodb_buffer_pool_size. Please update innodb_buffer_pool_size or decrease batch size value (which decreases memory usages for the temporary table). Current batch size: 5000; Allocated memory size: 4000000 bytes; InnoDB buffer pool size: 16777216 bytes. [] []
[2023-08-24T08:28:52.121316+00:00] main.WARNING: Memory size allocated for the temporary table is more than 20% of innodb_buffer_pool_size. Please update innodb_buffer_pool_size or decrease batch size value (which decreases memory usages for the temporary table). Current batch size: 5000; Allocated memory size: 4000000 bytes; InnoDB buffer pool size: 16777216 bytes. [] []
[2023-08-24T08:55:09.965638+00:00] main.INFO: Item Magento_Backend::system_currency was removed [] []
[2023-08-24T08:55:09.978651+00:00] main.INFO: Add of item with id Magento_Config::system_config was processed [] []
[2023-08-24T08:55:09.978967+00:00] main.INFO: Add of item with id Magento_AdminNotification::system_adminnotification was processed [] []
[2023-08-24T08:55:09.979203+00:00] main.INFO: Add of item with id Magento_Theme::design_config was processed [] []
[2023-08-24T08:55:09.979414+00:00] main.INFO: Add of item with id Magento_Theme::system_design_theme was processed [] []
[2023-08-24T08:55:09.979614+00:00] main.INFO: Add of item with id Magento_Backend::system_design_schedule was processed [] []
[2023-08-24T08:55:09.979810+00:00] main.INFO: Add of item with id Magento_Backend::system_store was processed [] []
[2023-08-24T08:55:09.980004+00:00] main.INFO: Add of item with id Magento_Backend::dashboard was processed [] []
[2023-08-24T08:55:09.980196+00:00] main.INFO: Add of item with id Magento_Backend::system was processed [] []
[2023-08-24T08:55:09.980406+00:00] main.INFO: Add of item with id Magento_Backend::system_tools was processed [] []
[2023-08-24T08:55:09.980623+00:00] main.INFO: Add of item with id Magento_Backend::system_design was processed [] []
[2023-08-24T08:55:09.980818+00:00] main.INFO: Add of item with id Magento_Backend::system_convert was processed [] []
[2023-08-24T08:55:09.981040+00:00] main.INFO: Add of item with id Magento_Backend::system_cache was processed [] []
[2023-08-24T08:55:09.981244+00:00] main.INFO: Add of item with id Magento_Backend::marketing was processed [] []
[2023-08-24T08:55:09.981466+00:00] main.INFO: Add of item with id Magento_Backend::marketing_communications was processed [] []
[2023-08-24T08:55:09.981674+00:00] main.INFO: Add of item with id Magento_Backend::marketing_seo was processed [] []
[2023-08-24T08:55:09.981879+00:00] main.INFO: Add of item with id Magento_Backend::marketing_user_content was processed [] []
[2023-08-24T08:55:09.982075+00:00] main.INFO: Add of item with id Magento_Backend::content was processed [] []
[2023-08-24T08:55:09.982269+00:00] main.INFO: Add of item with id Magento_Backend::content_elements was processed [] []
[2023-08-24T08:55:09.982507+00:00] main.INFO: Add of item with id Magento_Backend::stores was processed [] []
[2023-08-24T08:55:09.982732+00:00] main.INFO: Add of item with id Magento_Backend::stores_settings was processed [] []
[2023-08-24T08:55:09.982933+00:00] main.INFO: Add of item with id Magento_Backend::stores_attributes was processed [] []
[2023-08-24T08:55:09.983127+00:00] main.INFO: Add of item with id Magento_Backend::other_settings was processed [] []
[2023-08-24T08:55:09.983322+00:00] main.INFO: Add of item with id Magento_Backend::system_other_settings was processed [] []
[2023-08-24T08:55:09.983513+00:00] main.INFO: Add of item with id Magento_User::system_acl was processed [] []
[2023-08-24T08:55:09.983725+00:00] main.INFO: Add of item with id Magento_User::system_acl_users was processed [] []
[2023-08-24T08:55:09.983921+00:00] main.INFO: Add of item with id Magento_User::system_acl_roles was processed [] []
[2023-08-24T08:55:09.984112+00:00] main.INFO: Add of item with id Magento_User::system_acl_locks was processed [] []
[2023-08-24T08:55:09.984304+00:00] main.INFO: Add of item with id Magento_Customer::customer was processed [] []
[2023-08-24T08:55:09.984517+00:00] main.INFO: Add of item with id Magento_Customer::customer_manage was processed [] []
[2023-08-24T08:55:09.984718+00:00] main.INFO: Add of item with id Magento_Customer::customer_online was processed [] []
[2023-08-24T08:55:09.984910+00:00] main.INFO: Add of item with id Magento_Customer::customer_group was processed [] []
[2023-08-24T08:55:09.985141+00:00] main.INFO: Add of item with id Magento_Backup::system_tools_backup was processed [] []
[2023-08-24T08:55:09.985349+00:00] main.INFO: Add of item with id Magento_Indexer::system_index was processed [] []
[2023-08-24T08:55:09.985541+00:00] main.INFO: Add of item with id Magento_Variable::system_variable was processed [] []
[2023-08-24T08:55:09.985751+00:00] main.INFO: Add of item with id Magento_Cms::cms_page was processed [] []
[2023-08-24T08:55:09.985949+00:00] main.INFO: Add of item with id Magento_Cms::cms_block was processed [] []
[2023-08-24T08:55:09.986158+00:00] main.INFO: Add of item with id Magento_Search::search_terms was processed [] []
[2023-08-24T08:55:09.986356+00:00] main.INFO: Add of item with id Magento_Search::search_synonyms was processed [] []
[2023-08-24T08:55:09.986546+00:00] main.INFO: Add of item with id Magento_Catalog::catalog was processed [] []
[2023-08-24T08:55:09.986754+00:00] main.INFO: Add of item with id Magento_Catalog::catalog_products was processed [] []
[2023-08-24T08:55:09.986951+00:00] main.INFO: Add of item with id Magento_Catalog::catalog_categories was processed [] []
[2023-08-24T08:55:09.987160+00:00] main.INFO: Add of item with id Magento_Catalog::catalog_attributes_attributes was processed [] []
[2023-08-24T08:55:09.987357+00:00] main.INFO: Add of item with id Magento_Catalog::catalog_attributes_sets was processed [] []
[2023-08-24T08:55:09.987567+00:00] main.INFO: Add of item with id Magento_Catalog::inventory was processed [] []
[2023-08-24T08:55:09.987763+00:00] main.INFO: Add of item with id Magento_CatalogRule::promo was processed [] []
[2023-08-24T08:55:09.987971+00:00] main.INFO: Add of item with id Magento_CatalogRule::promo_catalog was processed [] []
[2023-08-24T08:55:09.988166+00:00] main.INFO: Add of item with id Magento_MediaGalleryUi::media was processed [] []
[2023-08-24T08:55:09.988375+00:00] main.INFO: Add of item with id Magento_MediaGalleryUi::media_gallery was processed [] []
[2023-08-24T08:55:09.988571+00:00] main.INFO: Add of item with id Magento_Integration::system_extensions was processed [] []
[2023-08-24T08:55:09.988780+00:00] main.INFO: Add of item with id Magento_Integration::system_integrations was processed [] []
[2023-08-24T08:55:09.988975+00:00] main.INFO: Add of item with id Magento_Sales::sales was processed [] []
[2023-08-24T08:55:09.989185+00:00] main.INFO: Add of item with id Magento_Sales::sales_operation was processed [] []
[2023-08-24T08:55:09.989398+00:00] main.INFO: Add of item with id Magento_Sales::sales_order was processed [] []
[2023-08-24T08:55:09.989625+00:00] main.INFO: Add of item with id Magento_Sales::sales_invoice was processed [] []
[2023-08-24T08:55:09.989822+00:00] main.INFO: Add of item with id Magento_Sales::sales_shipment was processed [] []
[2023-08-24T08:55:09.990015+00:00] main.INFO: Add of item with id Magento_Sales::sales_creditmemo was processed [] []
[2023-08-24T08:55:09.990207+00:00] main.INFO: Add of item with id Magento_Sales::sales_transactions was processed [] []
[2023-08-24T08:55:09.990399+00:00] main.INFO: Add of item with id Magento_Sales::system_order_statuses was processed [] []
[2023-08-24T08:55:09.990587+00:00] main.INFO: Add of item with id Magento_Widget::cms_widget_instance was processed [] []
[2023-08-24T08:55:09.990808+00:00] main.INFO: Add of item with id Magento_Analytics::business_intelligence was processed [] []
[2023-08-24T08:55:09.991016+00:00] main.INFO: Add of item with id Magento_Analytics::advanced_reporting was processed [] []
[2023-08-24T08:55:09.991208+00:00] main.INFO: Add of item with id Magento_Analytics::bi_essentials was processed [] []
[2023-08-24T08:55:09.991412+00:00] main.INFO: Add of item with id Magento_Downloadable::report_products_downloads was processed [] []
[2023-08-24T08:55:09.991661+00:00] main.INFO: Add of item with id Magento_ImportExport::system_convert_import was processed [] []
[2023-08-24T08:55:09.991863+00:00] main.INFO: Add of item with id Magento_ImportExport::system_convert_export was processed [] []
[2023-08-24T08:55:09.992051+00:00] main.INFO: Add of item with id Magento_ImportExport::system_convert_history was processed [] []
[2023-08-24T08:55:09.992283+00:00] main.INFO: Add of item with id Magento_Email::template was processed [] []
[2023-08-24T08:55:09.992477+00:00] main.INFO: Add of item with id Magento_EncryptionKey::system_crypt_key was processed [] []
[2023-08-24T08:55:09.992666+00:00] main.INFO: Add of item with id Magento_InventoryAdminUi::inventory was processed [] []
[2023-08-24T08:55:09.992870+00:00] main.INFO: Add of item with id Magento_InventoryAdminUi::source was processed [] []
[2023-08-24T08:55:09.993167+00:00] main.INFO: Add of item with id Magento_InventoryAdminUi::stock was processed [] []
[2023-08-24T08:55:09.993353+00:00] main.INFO: Add of item with id Magento_Reports::report was processed [] []
[2023-08-24T08:55:09.993539+00:00] main.INFO: Add of item with id Magento_Reports::report_marketing was processed [] []
[2023-08-24T08:55:09.993725+00:00] main.INFO: Add of item with id Magento_Reports::report_salesroot was processed [] []
[2023-08-24T08:55:09.993927+00:00] main.INFO: Add of item with id Magento_Reports::report_salesroot_sales was processed [] []
[2023-08-24T08:55:09.994118+00:00] main.INFO: Add of item with id Magento_Reports::report_salesroot_tax was processed [] []
[2023-08-24T08:55:09.994304+00:00] main.INFO: Add of item with id Magento_Reports::report_salesroot_invoiced was processed [] []
[2023-08-24T08:55:09.994497+00:00] main.INFO: Add of item with id Magento_Reports::report_salesroot_shipping was processed [] []
[2023-08-24T08:55:09.994687+00:00] main.INFO: Add of item with id Magento_Reports::report_salesroot_refunded was processed [] []
[2023-08-24T08:55:09.994903+00:00] main.INFO: Add of item with id Magento_Reports::report_salesroot_coupons was processed [] []
[2023-08-24T08:55:09.995140+00:00] main.INFO: Add of item with id Magento_Reports::report_shopcart_product was processed [] []
[2023-08-24T08:55:09.995333+00:00] main.INFO: Add of item with id Magento_Reports::report_shopcart_abandoned was processed [] []
[2023-08-24T08:55:09.995519+00:00] main.INFO: Add of item with id Magento_Reports::report_products was processed [] []
[2023-08-24T08:55:09.995737+00:00] main.INFO: Add of item with id Magento_Reports::report_products_bestsellers was processed [] []
[2023-08-24T08:55:09.995923+00:00] main.INFO: Add of item with id Magento_Reports::report_products_sold was processed [] []
[2023-08-24T08:55:09.996108+00:00] main.INFO: Add of item with id Magento_Reports::report_products_viewed was processed [] []
[2023-08-24T08:55:09.996296+00:00] main.INFO: Add of item with id Magento_Reports::report_products_lowstock was processed [] []
[2023-08-24T08:55:09.996514+00:00] main.INFO: Add of item with id Magento_Reports::report_customers was processed [] []
[2023-08-24T08:55:09.996718+00:00] main.INFO: Add of item with id Magento_Reports::report_customers_accounts was processed [] []
[2023-08-24T08:55:09.996909+00:00] main.INFO: Add of item with id Magento_Reports::report_customers_totals was processed [] []
[2023-08-24T08:55:09.997095+00:00] main.INFO: Add of item with id Magento_Reports::report_customers_orders was processed [] []
[2023-08-24T08:55:09.997313+00:00] main.INFO: Add of item with id Magento_Reports::report_statistics was processed [] []
[2023-08-24T08:55:09.997580+00:00] main.INFO: Add of item with id Magento_Reports::report_statistics_refresh was processed [] []
[2023-08-24T08:55:09.997858+00:00] main.INFO: Add of item with id Magento_Search::report_search_term was processed [] []
[2023-08-24T08:55:09.998065+00:00] main.INFO: Add of item with id Magento_LoginAsCustomerLog::login_log was processed [] []
[2023-08-24T08:55:09.998347+00:00] main.INFO: Add of item with id Magento_Marketplace::partners was processed [] []
[2023-08-24T08:55:09.998631+00:00] main.INFO: Add of item with id Magento_Newsletter::newsletter_template was processed [] []
[2023-08-24T08:55:09.998828+00:00] main.INFO: Add of item with id Magento_Newsletter::newsletter_queue was processed [] []
[2023-08-24T08:55:09.999045+00:00] main.INFO: Add of item with id Magento_Newsletter::newsletter_subscriber was processed [] []
[2023-08-24T08:55:09.999283+00:00] main.INFO: Add of item with id Magento_Newsletter::newsletter_problem was processed [] []
[2023-08-24T08:55:09.999478+00:00] main.INFO: Add of item with id Magento_SalesRule::promo_quote was processed [] []
[2023-08-24T08:55:09.999672+00:00] main.INFO: Add of item with id Magento_Sitemap::catalog_sitemap was processed [] []
[2023-08-24T08:55:09.999863+00:00] main.INFO: Add of item with id Magento_PageBuilder::templates was processed [] []
[2023-08-24T08:55:10.000054+00:00] main.INFO: Add of item with id Magento_Paypal::report_salesroot_paypal_settlement_reports was processed [] []
[2023-08-24T08:55:10.000246+00:00] main.INFO: Add of item with id Magento_Paypal::paypal_billing_agreement was processed [] []
[2023-08-24T08:55:10.000437+00:00] main.INFO: Add of item with id Magento_CheckoutAgreements::sales_checkoutagreement was processed [] []
[2023-08-24T08:55:10.000629+00:00] main.INFO: Add of item with id Magento_Review::catalog_reviews_ratings_ratings was processed [] []
[2023-08-24T08:55:10.000848+00:00] main.INFO: Add of item with id Magento_Review::catalog_reviews_ratings_pending was processed [] []
[2023-08-24T08:55:10.001044+00:00] main.INFO: Add of item with id Magento_Review::catalog_reviews_ratings_reviews_all was processed [] []
[2023-08-24T08:55:10.001236+00:00] main.INFO: Add of item with id Magento_Review::report_review was processed [] []
[2023-08-24T08:55:10.001448+00:00] main.INFO: Add of item with id Magento_Review::report_review_customer was processed [] []
[2023-08-24T08:55:10.001645+00:00] main.INFO: Add of item with id Magento_Review::report_review_product was processed [] []
[2023-08-24T08:55:10.001836+00:00] main.INFO: Add of item with id Magento_UrlRewrite::urlrewrite was processed [] []
[2023-08-24T08:55:10.002027+00:00] main.INFO: Add of item with id Magento_Tax::sales_tax was processed [] []
[2023-08-24T08:55:10.002236+00:00] main.INFO: Add of item with id Magento_Tax::sales_tax_rules was processed [] []
[2023-08-24T08:55:10.002431+00:00] main.INFO: Add of item with id Magento_Tax::sales_tax_rates was processed [] []
[2023-08-24T08:55:10.002623+00:00] main.INFO: Add of item with id Magento_TaxImportExport::system_convert_tax was processed [] []
[2023-08-24T08:55:10.002825+00:00] main.INFO: Add of item with id Magento_AsynchronousOperations::system_magento_logging was processed [] []
[2023-08-24T08:55:10.003027+00:00] main.INFO: Add of item with id Magento_AsynchronousOperations::system_magento_logging_bulk_operations was processed [] []
[2023-08-24T08:55:10.003256+00:00] main.INFO: Add of item with id Magento_CurrencySymbol::system_currency was processed [] []
[2023-08-24T08:55:10.003463+00:00] main.INFO: Add of item with id Magento_CurrencySymbol::system_currency_rates was processed [] []
[2023-08-24T08:55:10.003657+00:00] main.INFO: Add of item with id Magento_CurrencySymbol::system_currency_symbols was processed [] []
[2023-08-24T08:55:10.003845+00:00] main.INFO: Add of item with id PayPal_Braintree::settlement_report was processed [] []
[2023-08-24T08:55:10.004031+00:00] main.INFO: Add of item with id PayPal_Braintree::virtual_terminal was processed [] []
